0 verbose cli /opt/conda/bin/node /opt/conda/bin/npm
1 info using npm@8.19.3
2 info using node@v16.19.0
3 timing npm:load:whichnode Completed in 0ms
4 timing config:load:defaults Completed in 3ms
5 timing config:load:file:/opt/conda/lib/node_modules/npm/npmrc Completed in 2ms
6 timing config:load:builtin Completed in 3ms
7 timing config:load:cli Completed in 2ms
8 timing config:load:env Completed in 0ms
9 timing config:load:project Completed in 2ms
10 timing config:load:file:/home/jovyan/.npmrc Completed in 1ms
11 timing config:load:user Completed in 1ms
12 timing config:load:file:/opt/conda/etc/npmrc Completed in 0ms
13 timing config:load:global Completed in 0ms
14 timing config:load:validate Completed in 0ms
15 timing config:load:credentials Completed in 1ms
16 timing config:load:setEnvs Completed in 2ms
17 timing config:load Completed in 16ms
18 timing npm:load:configload Completed in 16ms
19 timing npm:load:mkdirpcache Completed in 5ms
20 timing npm:load:mkdirplogs Completed in 2ms
21 verbose title npm prefix
22 verbose argv "prefix" "--global"
23 timing npm:load:setTitle Completed in 2ms
24 timing config:load:flatten Completed in 4ms
25 timing npm:load:display Completed in 5ms
26 verbose logfile logs-max:10 dir:/home/jovyan/.npm/_logs
27 verbose logfile /home/jovyan/.npm/_logs/2023-06-15T22_29_19_908Z-debug-0.log
28 timing npm:load:logFile Completed in 8ms
29 timing npm:load:timers Completed in 0ms
30 timing npm:load:configScope Completed in 0ms
31 timing npm:load Completed in 38ms
32 timing command:prefix Completed in 3ms
33 verbose exit 0
34 timing npm Completed in 49ms
35 info ok
